2017-05-19 15:12:31,010 [Worker-1] INFO  c.g.t.t.d.PublishedGradleVersions - Gradle version information cache is up-to-date. Trying to read.
2017-05-19 15:14:49,847 [Worker-3] INFO  c.g.t.t.d.PublishedGradleVersions - Gradle version information cache is up-to-date. Trying to read.
2017-05-19 15:31:48,160 [Worker-0] INFO  c.g.t.t.d.PublishedGradleVersions - Gradle version information cache is up-to-date. Trying to read.
2017-05-19 17:22:32,270 [Worker-0] WARN  org.eclipse.jgit.util.FS_Win32 - Exception caught during execution of command '[bash, --login, -c, which git]' in 'C:\Users\Maggie', return code '1', error message 'which: no git in (/usr/local/bin:/usr/bin:/cygdrive/c/Program Files/Java/jre1.8.0_111/bin/server:/cygdrive/c/Program Files/Java/jre1.8.0_111/bin:/cygdrive/c/Program Files/Java/jre1.8.0_111/lib/amd64:/usr/bin:/cygdrive/c/ProgramData/Oracle/Java/javapath:/cygdrive/c/Program Files (x86)/NVIDIA Corporation/PhysX/Common:/cygdrive/c/WINDOWS/system32:/cygdrive/c/WINDOWS:/cygdrive/c/WINDOWS/System32/Wbem:/cygdrive/c/WINDOWS/System32/WindowsPowerShell/v1.0:/cygdrive/c/Program Files (x86)/ATI Technologies/ATI.ACE/Core-Static:/cygdrive/c/Program Files (x86)/Windows Live/Shared:/cygdrive/c/Program Files (x86)/Skype/Phone:/cygdrive/c/Users/Maggie/AppData/Local/Microsoft/WindowsApps:/cygdrive/e/java-neon/eclipse)
'
2017-05-19 17:22:41,532 [Worker-0] INFO  c.g.t.t.d.PublishedGradleVersions - Gradle version information cache is up-to-date. Trying to read.
2017-05-19 17:23:35,366 [Worker-0] INFO  c.g.t.t.d.PublishedGradleVersions - Gradle version information cache is up-to-date. Trying to read.
2017-05-19 17:23:37,011 [Worker-5] WARN  org.eclipse.jgit.util.FS_Win32 - Exception caught during execution of command '[bash, --login, -c, which git]' in 'C:\Users\Maggie', return code '1', error message 'which: no git in (/usr/local/bin:/usr/bin:/cygdrive/c/Program Files/Java/jre1.8.0_111/bin/server:/cygdrive/c/Program Files/Java/jre1.8.0_111/bin:/cygdrive/c/Program Files/Java/jre1.8.0_111/lib/amd64:/usr/bin:/cygdrive/c/ProgramData/Oracle/Java/javapath:/cygdrive/c/Program Files (x86)/NVIDIA Corporation/PhysX/Common:/cygdrive/c/WINDOWS/system32:/cygdrive/c/WINDOWS:/cygdrive/c/WINDOWS/System32/Wbem:/cygdrive/c/WINDOWS/System32/WindowsPowerShell/v1.0:/cygdrive/c/Program Files (x86)/ATI Technologies/ATI.ACE/Core-Static:/cygdrive/c/Program Files (x86)/Windows Live/Shared:/cygdrive/c/Program Files (x86)/Skype/Phone:/cygdrive/c/Users/Maggie/AppData/Local/Microsoft/WindowsApps:/cygdrive/e/java-neon/eclipse)
'
2017-05-19 17:26:23,851 [Worker-2] INFO  c.g.t.t.d.PublishedGradleVersions - Gradle version information cache is up-to-date. Trying to read.
2017-05-19 17:26:25,479 [Worker-1] WARN  org.eclipse.jgit.util.FS_Win32 - Exception caught during execution of command '[bash, --login, -c, which git]' in 'C:\Users\Maggie', return code '1', error message 'which: no git in (/usr/local/bin:/usr/bin:/cygdrive/c/Program Files/Java/jre1.8.0_111/bin/server:/cygdrive/c/Program Files/Java/jre1.8.0_111/bin:/cygdrive/c/Program Files/Java/jre1.8.0_111/lib/amd64:/usr/bin:/cygdrive/c/ProgramData/Oracle/Java/javapath:/cygdrive/c/Program Files (x86)/NVIDIA Corporation/PhysX/Common:/cygdrive/c/WINDOWS/system32:/cygdrive/c/WINDOWS:/cygdrive/c/WINDOWS/System32/Wbem:/cygdrive/c/WINDOWS/System32/WindowsPowerShell/v1.0:/cygdrive/c/Program Files (x86)/ATI Technologies/ATI.ACE/Core-Static:/cygdrive/c/Program Files (x86)/Windows Live/Shared:/cygdrive/c/Program Files (x86)/Skype/Phone:/cygdrive/c/Users/Maggie/AppData/Local/Microsoft/WindowsApps:/cygdrive/e/java-neon/eclipse)
'
2017-05-19 17:39:37,468 [Worker-3] INFO  c.g.t.t.d.PublishedGradleVersions - Gradle version information cache is out-of-date. Trying to update.
2017-05-19 17:43:16,564 [Worker-8] INFO  c.g.t.t.d.PublishedGradleVersions - Gradle version information cache is up-to-date. Trying to read.
2017-05-20 14:56:59,695 [Worker-2] INFO  c.g.t.t.d.PublishedGradleVersions - Gradle version information cache is up-to-date. Trying to read.
2017-05-20 15:08:07,186 [Worker-2] INFO  c.g.t.t.d.PublishedGradleVersions - Gradle version information cache is up-to-date. Trying to read.
2017-05-20 15:09:31,487 [Worker-1] INFO  c.g.t.t.d.PublishedGradleVersions - Gradle version information cache is up-to-date. Trying to read.
2017-05-20 17:51:08,795 [Worker-0] INFO  c.g.t.t.d.PublishedGradleVersions - Gradle version information cache is out-of-date. Trying to update.
2017-05-20 22:14:03,471 [Worker-3] INFO  c.g.t.t.d.PublishedGradleVersions - Gradle version information cache is up-to-date. Trying to read.
2017-05-21 11:29:43,923 [Worker-0] INFO  c.g.t.t.d.PublishedGradleVersions - Gradle version information cache is up-to-date. Trying to read.
2017-05-21 11:43:25,589 [Worker-2] INFO  c.g.t.t.d.PublishedGradleVersions - Gradle version information cache is up-to-date. Trying to read.
2017-05-21 14:06:30,626 [Worker-2] INFO  c.g.t.t.d.PublishedGradleVersions - Gradle version information cache is up-to-date. Trying to read.
2017-05-21 14:13:15,295 [Worker-2] INFO  c.g.t.t.d.PublishedGradleVersions - Gradle version information cache is up-to-date. Trying to read.
2017-05-21 14:13:53,458 [Worker-2] INFO  c.g.t.t.d.PublishedGradleVersions - Gradle version information cache is up-to-date. Trying to read.
2017-05-22 16:18:24,966 [Worker-0] INFO  c.g.t.t.d.PublishedGradleVersions - Gradle version information cache is out-of-date. Trying to update.
2017-05-22 17:43:22,524 [Worker-1] INFO  c.g.t.t.d.PublishedGradleVersions - Gradle version information cache is up-to-date. Trying to read.
2017-05-22 19:24:33,753 [Worker-0] INFO  c.g.t.t.d.PublishedGradleVersions - Gradle version information cache is up-to-date. Trying to read.
<<<<<<< HEAD
2017-05-23 12:25:21,904 [Worker-3] INFO  c.g.t.t.d.PublishedGradleVersions - Gradle version information cache is up-to-date. Trying to read.
=======
2017-05-23 15:09:14,409 [Worker-0] INFO  c.g.t.t.d.PublishedGradleVersions - Gradle version information cache is up-to-date. Trying to read.
>>>>>>> 15f43a5b2645e1ec246e2136eb4cc0a3f3072186
2017-05-23 17:02:52,062 [Worker-3] INFO  c.g.t.t.d.PublishedGradleVersions - Gradle version information cache is up-to-date. Trying to read.
2017-05-23 17:03:31,677 [Worker-13] WARN  org.eclipse.jgit.util.FS_Win32 - Exception caught during execution of command '[bash, --login, -c, which git]' in 'C:\Users\Maggie', return code '1', error message 'which: no git in (/usr/local/bin:/usr/bin:/cygdrive/c/Program Files/Java/jre1.8.0_111/bin/server:/cygdrive/c/Program Files/Java/jre1.8.0_111/bin:/cygdrive/c/Program Files/Java/jre1.8.0_111/lib/amd64:/usr/bin:/cygdrive/c/ProgramData/Oracle/Java/javapath:/cygdrive/c/Program Files (x86)/NVIDIA Corporation/PhysX/Common:/cygdrive/c/WINDOWS/system32:/cygdrive/c/WINDOWS:/cygdrive/c/WINDOWS/System32/Wbem:/cygdrive/c/WINDOWS/System32/WindowsPowerShell/v1.0:/cygdrive/c/Program Files (x86)/ATI Technologies/ATI.ACE/Core-Static:/cygdrive/c/Program Files (x86)/Windows Live/Shared:/cygdrive/c/Program Files (x86)/Skype/Phone:/cygdrive/c/Users/Maggie/AppData/Local/Microsoft/WindowsApps:/cygdrive/e/java-neon/eclipse)
'
2017-05-25 20:43:48,838 [Worker-1] INFO  c.g.t.t.d.PublishedGradleVersions - Gradle version information cache is out-of-date. Trying to update.
2017-05-25 20:43:54,158 [Worker-2] WARN  org.eclipse.jgit.util.FS_Win32 - Exception caught during execution of command '[bash, --login, -c, which git]' in 'C:\Users\Maggie', return code '1', error message 'which: no git in (/usr/local/bin:/usr/bin:/cygdrive/c/Program Files/Java/jre1.8.0_111/bin/server:/cygdrive/c/Program Files/Java/jre1.8.0_111/bin:/cygdrive/c/Program Files/Java/jre1.8.0_111/lib/amd64:/usr/bin:/cygdrive/c/ProgramData/Oracle/Java/javapath:/cygdrive/c/Program Files (x86)/NVIDIA Corporation/PhysX/Common:/cygdrive/c/WINDOWS/system32:/cygdrive/c/WINDOWS:/cygdrive/c/WINDOWS/System32/Wbem:/cygdrive/c/WINDOWS/System32/WindowsPowerShell/v1.0:/cygdrive/c/Program Files (x86)/ATI Technologies/ATI.ACE/Core-Static:/cygdrive/c/Program Files (x86)/Windows Live/Shared:/cygdrive/c/Program Files (x86)/Skype/Phone:/cygdrive/c/Users/Maggie/AppData/Local/Microsoft/WindowsApps:/cygdrive/e/java-neon/eclipse)
'
